h:\软件\c++\2048(vs2017)\2048\2048\debug\2048.pch
h:\软件\c++\2048(vs2017)\2048\2048\debug\vc141.pdb
h:\软件\c++\2048(vs2017)\2048\2048\debug\vc141.idb
h:\软件\c++\2048(vs2017)\2048\2048\debug\stdafx.obj
h:\软件\c++\2048(vs2017)\2048\2048\debug\start.obj
h:\软件\c++\2048(vs2017)\2048\2048\debug\square.obj
h:\软件\c++\2048(vs2017)\2048\2048\debug\point.obj
h:\软件\c++\2048(vs2017)\2048\2048\debug\menu.obj
h:\软件\c++\2048(vs2017)\2048\2048\debug\map.obj
h:\软件\c++\2048(vs2017)\2048\2048\debug\game.obj
h:\软件\c++\2048(vs2017)\2048\2048\debug\2048.obj
h:\软件\c++\2048(vs2017)\2048\debug\2048.exe
h:\软件\c++\2048(vs2017)\2048\debug\2048.ilk
h:\软件\c++\2048(vs2017)\2048\debug\2048.pdb
f:\2048\2048\2048\debug\2048.obj
f:\2048\2048\2048\debug\game.obj
f:\2048\2048\2048\debug\map.obj
f:\2048\2048\2048\debug\menu.obj
f:\2048\2048\2048\debug\point.obj
f:\2048\2048\2048\debug\square.obj
f:\2048\2048\2048\debug\start.obj
f:\2048\2048\2048\debug\stdafx.obj
f:\2048\2048\2048\debug\2048.pch
f:\2048\2048\2048\debug\vc141.idb
f:\2048\2048\2048\debug\vc141.pdb
f:\2048\2048\debug\2048.pdb
f:\2048\2048\debug\2048.exe
f:\2048\2048\debug\2048.ilk
f:\2048\2048\2048\debug\2048.tlog\cl.command.1.tlog
f:\2048\2048\2048\debug\2048.tlog\cl.read.1.tlog
f:\2048\2048\2048\debug\2048.tlog\cl.write.1.tlog
f:\2048\2048\2048\debug\2048.tlog\link.command.1.tlog
f:\2048\2048\2048\debug\2048.tlog\link.read.1.tlog
f:\2048\2048\2048\debug\2048.tlog\link.write.1.tlog
