f:\2048\2048\x64\release\2048.ipdb
f:\2048\2048\x64\release\2048.iobj
f:\2048\2048\2048\x64\release\2048.pch
f:\2048\2048\2048\x64\release\vc141.pdb
f:\2048\2048\2048\x64\release\stdafx.obj
f:\2048\2048\2048\x64\release\start.obj
f:\2048\2048\2048\x64\release\square.obj
f:\2048\2048\2048\x64\release\point.obj
f:\2048\2048\2048\x64\release\menu.obj
f:\2048\2048\2048\x64\release\game.obj
f:\2048\2048\2048\x64\release\2048.obj
f:\2048\2048\x64\release\2048.exe
f:\2048\2048\x64\release\2048.pdb
f:\2048\2048\2048\x64\release\2048.res
f:\2048\2048\2048\x64\release\2048.tlog\2048.write.1u.tlog
f:\2048\2048\2048\x64\release\2048.tlog\cl.command.1.tlog
f:\2048\2048\2048\x64\release\2048.tlog\cl.read.1.tlog
f:\2048\2048\2048\x64\release\2048.tlog\cl.write.1.tlog
f:\2048\2048\2048\x64\release\2048.tlog\link.command.1.tlog
f:\2048\2048\2048\x64\release\2048.tlog\link.read.1.tlog
f:\2048\2048\2048\x64\release\2048.tlog\link.write.1.tlog
f:\2048\2048\2048\x64\release\2048.tlog\rc.command.1.tlog
f:\2048\2048\2048\x64\release\2048.tlog\rc.read.1.tlog
f:\2048\2048\2048\x64\release\2048.tlog\rc.write.1.tlog
